[0.054s] Invoking command in '/home/catpi/robot_ws/build/my_package': CMAKE_PREFIX_PATH=/opt/ros/foxy /usr/bin/cmake /home/catpi/robot_ws/src/my_package -DAMENT_CMAKE_SYMLINK_INSTALL=1 -DCMAKE_INSTALL_PREFIX=/home/catpi/robot_ws/install/my_package
[0.156s] -- Found ament_cmake: 0.9.12 (/opt/ros/foxy/share/ament_cmake/cmake)
[0.288s] -- Found PythonInterp: /usr/bin/python3 (found suitable version "3.8.10", minimum required is "3") 
[0.289s] -- Using PYTHON_EXECUTABLE: /usr/bin/python3
[1.000s] -- Override CMake install command with custom implementation using symlinks instead of copying resources
[1.259s] -- Found ament_lint_auto: 0.9.8 (/opt/ros/foxy/share/ament_lint_auto/cmake)
[1.650s] -- Configuring done
[1.658s] -- Generating done
[1.661s] -- Build files have been written to: /home/catpi/robot_ws/build/my_package
[1.668s] Invoked command in '/home/catpi/robot_ws/build/my_package' returned '0': CMAKE_PREFIX_PATH=/opt/ros/foxy /usr/bin/cmake /home/catpi/robot_ws/src/my_package -DAMENT_CMAKE_SYMLINK_INSTALL=1 -DCMAKE_INSTALL_PREFIX=/home/catpi/robot_ws/install/my_package
[1.677s] Invoking command in '/home/catpi/robot_ws/build/my_package': CMAKE_PREFIX_PATH=/opt/ros/foxy /usr/bin/cmake --build /home/catpi/robot_ws/build/my_package -- -j4 -l4
[1.816s] Invoked command in '/home/catpi/robot_ws/build/my_package' returned '0': CMAKE_PREFIX_PATH=/opt/ros/foxy /usr/bin/cmake --build /home/catpi/robot_ws/build/my_package -- -j4 -l4
[1.948s] Invoking command in '/home/catpi/robot_ws/build/my_package': CMAKE_PREFIX_PATH=/opt/ros/foxy /usr/bin/cmake --install /home/catpi/robot_ws/build/my_package
[1.980s] -- Install configuration: ""
[1.982s] -- Execute custom install script
[1.982s] CMake Error at ament_cmake_symlink_install/ament_cmake_symlink_install.cmake:20 (message):
[1.983s]   ament_cmake_symlink_install_directory() called with unused/unsupported
[1.983s]   arguments: ament_package;(;)
[1.984s] Call Stack (most recent call first):
[1.984s]   ament_cmake_symlink_install/ament_cmake_symlink_install.cmake:314 (ament_cmake_symlink_install_directory)
[1.985s]   cmake_install.cmake:41 (include)
[1.985s] 
[1.986s] 
[1.988s] Invoked command in '/home/catpi/robot_ws/build/my_package' returned '1': CMAKE_PREFIX_PATH=/opt/ros/foxy /usr/bin/cmake --install /home/catpi/robot_ws/build/my_package
